[22:42:22.245] Running Houdini 19.0.531 with PID 30052
[22:42:22.246] HDA: C:/Users/YingQ/3D/Houdini_libs/YingQ-for-Houdini/otls/Desert_split_and_Scatter.1.0.hda
[22:42:22.246] Operator Type: Sop/Desert_split_and_Scatter::1.0
[22:42:27.157] Setting input 0 to C:/Users/YingQ/Desktop/Desert_Scene_UE5.0P1/Houdini files/geo/geo/geo/Desert_Terrain..0.bgeo.sc
[22:42:27.158] Setting parm tilecount to: [4, 4]
[22:42:27.158] Setting parm tilenum to: [9]
[22:42:27.158] Setting parm Seed to: [1.82]
[22:42:27.158] Setting parm scatteralign1_densityscale to: [1.0]
[22:42:27.158] Setting parm attribnoise1_elementsize to: [3.12]
[22:42:27.158] Setting parm scatteralign2_densityscale to: [1.0]
[22:42:27.159] Setting parm scatteralign3_densityscale to: [1.0]
[22:42:27.159] Setting parm heightfield_scatter1_density to: [1.0]
[22:42:27.159] Setting parm attribute_value_replace1_to_0 to: ["StaticMesh'/Game/Megascans/3D_Assets/Icelandic_Jagged_Lava_Outcrop_00/shxxJ_LOD2.shxxJ_LOD2'"]
[22:42:27.159] Setting parm attribute_value_replace1_to_1 to: ["StaticMesh'/Game/Megascans/3D_Assets/Huge_Icelandic_Lava_Cliff_00/siErE_LOD3.siErE_LOD3'"]
[22:42:27.160] Setting parm attribrandomize5_strvalue0 to: ["StaticMesh'/Game/Megascans/3D_Assets/Small_Limestone_Rocks_Pack_00/ufilejqva_LOD5_1.ufilejqva_LOD5_1'"]
[22:42:27.160] Setting parm attribrandomize5_strvalue1 to: ["StaticMesh'/Game/Megascans/3D_Assets/Small_Limestone_Rocks_Pack_00/ufilejqva_LOD5_2.ufilejqva_LOD5_2'"]
[22:42:27.160] Setting parm attribrandomize5_strvalue2 to: ["StaticMesh'/Game/Megascans/3D_Assets/Small_Limestone_Rocks_Pack_00/ufilejqva_LOD5_3.ufilejqva_LOD5_3'"]
[22:42:27.160] Setting parm attribrandomize5_strvalue3 to: ["StaticMesh'/Game/Megascans/3D_Assets/Small_Limestone_Rocks_Pack_00/ufilejqva_LOD5_4.ufilejqva_LOD5_4'"]
[22:42:27.160] Setting parm attribrandomize5_strvalue4 to: ["StaticMesh'/Game/Megascans/3D_Assets/Small_Limestone_Rocks_Pack_00/ufilejqva_LOD5_5.ufilejqva_LOD5_5'"]
[22:42:27.160] Setting parm attribrandomize5_strvalue5 to: ["StaticMesh'/Game/Megascans/3D_Assets/Small_Limestone_Rocks_Pack_00/ufilejqva_LOD5_6.ufilejqva_LOD5_6'"]
[22:42:27.160] Setting parm attribrandomize4_strvalue0 to: ["StaticMesh'/Game/Desert_project/Models/Bush_01.Bush_01'"]
[22:42:27.161] Setting parm attribute_value_replace2_to_0 to: ["Blueprint'/Game/Desert_project/Prefab/Portal_2_scene.Portal_2_scene'"]
[22:42:27.161] Setting parm attribute_value_replace2_to_1 to: ["Blueprint'/Game/Desert_project/Prefab/Portal_3_scene.Portal_3_scene'"]
[22:42:27.161] Setting parm attribute_value_replace2_to_2 to: ["Blueprint'/Game/Desert_project/Prefab/Portal_1_scene.Portal_1_scene'"]
[22:42:35.247] PDG_RESULT: 60;-1;C:/Users/YingQ/Desktop/Desert_Scene_UE5.0P1/Houdini files/geo/geo/geo/HE_OUT_Split_and_Scatter..0.bgeo.sc;file/geo;0
