[15:25:38.355] Running Houdini 19.0.531 with PID 26036
[15:25:38.355] HDA: C:/Users/YingQ/3D/Houdini_libs/YingQ-for-Houdini/otls/Desert_split_and_Scatter.1.0.hda
[15:25:38.355] Operator Type: Sop/Desert_split_and_Scatter::1.0
[15:25:40.999] Setting input 0 to C:/Users/YingQ/Desktop/houdini_desertscene_project_v1_1 5.0/Houdini files/geo/Desert_Terrain..0.bgeo.sc
[15:25:41.000] Setting parm tilecount to: [4, 4]
[15:25:41.000] Setting parm tilenum to: [2]
[15:25:41.000] Setting parm Seed to: [1.8200000524520874]
[15:25:41.000] Setting parm scatteralign1_densityscale to: [1.0]
[15:25:41.000] Setting parm attribnoise1_elementsize to: [3.119999885559082]
[15:25:41.000] Setting parm scatteralign2_densityscale to: [1.0]
[15:25:41.000] Setting parm scatteralign3_densityscale to: [1.0]
[15:25:41.001] Setting parm heightfield_scatter1_density to: [1.0]
[15:25:41.001] Setting parm attribute_value_replace1_to_0 to: ["StaticMesh'/Game/Megascans/3D_Assets/Icelandic_Jagged_Lava_Outcrop_00/shxxJ_LOD2.shxxJ_LOD2'"]
[15:25:41.001] Setting parm attribute_value_replace1_to_1 to: ["StaticMesh'/Game/Megascans/3D_Assets/Huge_Icelandic_Lava_Cliff_00/siErE_LOD3.siErE_LOD3'"]
[15:25:41.001] Setting parm attribrandomize5_strvalue0 to: ["StaticMesh'/Game/Megascans/3D_Assets/Small_Limestone_Rocks_Pack_00/ufilejqva_LOD5_1.ufilejqva_LOD5_1'"]
[15:25:41.001] Setting parm attribrandomize5_strvalue1 to: ["StaticMesh'/Game/Megascans/3D_Assets/Small_Limestone_Rocks_Pack_00/ufilejqva_LOD5_2.ufilejqva_LOD5_2'"]
[15:25:41.001] Setting parm attribrandomize5_strvalue2 to: ["StaticMesh'/Game/Megascans/3D_Assets/Small_Limestone_Rocks_Pack_00/ufilejqva_LOD5_3.ufilejqva_LOD5_3'"]
[15:25:41.001] Setting parm attribrandomize5_strvalue3 to: ["StaticMesh'/Game/Megascans/3D_Assets/Small_Limestone_Rocks_Pack_00/ufilejqva_LOD5_4.ufilejqva_LOD5_4'"]
[15:25:41.001] Setting parm attribrandomize5_strvalue4 to: ["StaticMesh'/Game/Megascans/3D_Assets/Small_Limestone_Rocks_Pack_00/ufilejqva_LOD5_5.ufilejqva_LOD5_5'"]
[15:25:41.002] Setting parm attribrandomize5_strvalue5 to: ["StaticMesh'/Game/Megascans/3D_Assets/Small_Limestone_Rocks_Pack_00/ufilejqva_LOD5_6.ufilejqva_LOD5_6'"]
[15:25:41.002] Setting parm attribrandomize4_strvalue0 to: ["StaticMesh'/Game/Desert_project/Models/Bush_01.Bush_01'"]
[15:25:41.002] Setting parm attribute_value_replace2_to_0 to: ["Blueprint'/Game/Desert_project/Prefab/Portal_2_scene.Portal_2_scene'"]
[15:25:41.002] Setting parm attribute_value_replace2_to_1 to: ["Blueprint'/Game/Desert_project/Prefab/Portal_3_scene.Portal_3_scene'"]
[15:25:41.002] Setting parm attribute_value_replace2_to_2 to: ["Blueprint'/Game/Desert_project/Prefab/Portal_1_scene.Portal_1_scene'"]
[15:25:47.068] PDG_RESULT: 53;-1;C:/Users/YingQ/Desktop/houdini_desertscene_project_v1_1 5.0/Houdini files/geo/HE_OUT_Split_and_Scatter..0.bgeo.sc;file/geo;0
