[13:34:50.821] Running Houdini 19.0.531 with PID 26852
[13:34:50.822] HDA: C:/Users/YingQ/3D/Houdini_libs/YingQ-for-Houdini/otls/Desert_split_and_Scatter.1.0.hda
[13:34:50.822] Operator Type: Sop/Desert_split_and_Scatter::1.0
[13:34:53.879] Setting input 0 to C:/Users/YingQ/Desktop/houdini_desertscene_project_v1_1/Houdini files/geo/Desert_Terrain..0.bgeo.sc
[13:34:53.880] Setting parm tilecount to: [4, 4]
[13:34:53.880] Setting parm tilenum to: [9]
[13:34:53.880] Setting parm Seed to: [1.82]
[13:34:53.881] Setting parm scatteralign1_densityscale to: [1.0]
[13:34:53.881] Setting parm attribnoise1_elementsize to: [3.12]
[13:34:53.881] Setting parm scatteralign2_densityscale to: [1.0]
[13:34:53.881] Setting parm scatteralign3_densityscale to: [1.0]
[13:34:53.881] Setting parm heightfield_scatter1_density to: [1.0]
[13:34:53.881] Setting parm attribute_value_replace1_to_0 to: ["StaticMesh'/Game/Megascans/3D_Assets/Icelandic_Jagged_Lava_Outcrop_00/shxxJ_LOD2.shxxJ_LOD2'"]
[13:34:53.882] Setting parm attribute_value_replace1_to_1 to: ["StaticMesh'/Game/Megascans/3D_Assets/Huge_Icelandic_Lava_Cliff_00/siErE_LOD3.siErE_LOD3'"]
[13:34:53.882] Setting parm attribrandomize5_strvalue0 to: ["StaticMesh'/Game/Megascans/3D_Assets/Small_Limestone_Rocks_Pack_00/ufilejqva_LOD5_1.ufilejqva_LOD5_1'"]
[13:34:53.882] Setting parm attribrandomize5_strvalue1 to: ["StaticMesh'/Game/Megascans/3D_Assets/Small_Limestone_Rocks_Pack_00/ufilejqva_LOD5_2.ufilejqva_LOD5_2'"]
[13:34:53.882] Setting parm attribrandomize5_strvalue2 to: ["StaticMesh'/Game/Megascans/3D_Assets/Small_Limestone_Rocks_Pack_00/ufilejqva_LOD5_3.ufilejqva_LOD5_3'"]
[13:34:53.882] Setting parm attribrandomize5_strvalue3 to: ["StaticMesh'/Game/Megascans/3D_Assets/Small_Limestone_Rocks_Pack_00/ufilejqva_LOD5_4.ufilejqva_LOD5_4'"]
[13:34:53.882] Setting parm attribrandomize5_strvalue4 to: ["StaticMesh'/Game/Megascans/3D_Assets/Small_Limestone_Rocks_Pack_00/ufilejqva_LOD5_5.ufilejqva_LOD5_5'"]
[13:34:53.882] Setting parm attribrandomize5_strvalue5 to: ["StaticMesh'/Game/Megascans/3D_Assets/Small_Limestone_Rocks_Pack_00/ufilejqva_LOD5_6.ufilejqva_LOD5_6'"]
[13:34:53.883] Setting parm attribrandomize4_strvalue0 to: ["StaticMesh'/Game/Desert_project/Models/Bush_01.Bush_01'"]
[13:34:53.883] Setting parm attribute_value_replace2_to_0 to: ["Blueprint'/Game/Desert_project/Prefab/Portal_2_scene.Portal_2_scene'"]
[13:34:53.883] Setting parm attribute_value_replace2_to_1 to: ["Blueprint'/Game/Desert_project/Prefab/Portal_3_scene.Portal_3_scene'"]
[13:34:53.883] Setting parm attribute_value_replace2_to_2 to: ["Blueprint'/Game/Desert_project/Prefab/Portal_1_scene.Portal_1_scene'"]
[13:34:58.697] PDG_RESULT: 75;-1;C:/Users/YingQ/Desktop/houdini_desertscene_project_v1_1/Houdini files/geo/HE_OUT_Split_and_Scatter..0.bgeo.sc;file/geo;0
[13:34:58.700] PDG_RESULT: 75;-1;C:/Users/YingQ/Desktop/houdini_desertscene_project_v1_1/Houdini files/geo/HE_OUT_Split_and_Scatter..1.bgeo.sc;file/geo;0
[13:34:58.702] PDG_RESULT: 75;-1;C:/Users/YingQ/Desktop/houdini_desertscene_project_v1_1/Houdini files/geo/HE_OUT_Split_and_Scatter..2bgeo.sc;file/geo;0
[13:34:58.704] PDG_RESULT: 75;-1;C:/Users/YingQ/Desktop/houdini_desertscene_project_v1_1/Houdini files/geo/HE_OUT_Split_and_Scatter..3.bgeo.sc;file/geo;0
[13:34:58.706] PDG_RESULT: 75;-1;C:/Users/YingQ/Desktop/houdini_desertscene_project_v1_1/Houdini files/geo/HE_OUT_Split_and_Scatter..4.bgeo.sc;file/geo;0
[13:34:58.708] PDG_RESULT: 75;-1;C:/Users/YingQ/Desktop/houdini_desertscene_project_v1_1/Houdini files/geo/HE_OUT_Split_and_Scatter..5.bgeo.sc;file/geo;0
[13:34:58.711] PDG_RESULT: 75;-1;C:/Users/YingQ/Desktop/houdini_desertscene_project_v1_1/Houdini files/geo/HE_OUT_Split_and_Scatter..6.bgeo.sc;file/geo;0
[13:34:58.713] PDG_RESULT: 75;-1;C:/Users/YingQ/Desktop/houdini_desertscene_project_v1_1/Houdini files/geo/HE_OUT_Split_and_Scatter..7.bgeo.sc;file/geo;0
[13:34:58.715] PDG_RESULT: 75;-1;C:/Users/YingQ/Desktop/houdini_desertscene_project_v1_1/Houdini files/geo/HE_OUT_Split_and_Scatter..8.bgeo.sc;file/geo;0
[13:34:58.717] PDG_RESULT: 75;-1;C:/Users/YingQ/Desktop/houdini_desertscene_project_v1_1/Houdini files/geo/HE_OUT_Split_and_Scatter..9.bgeo.sc;file/geo;0
[13:34:58.719] PDG_RESULT: 75;-1;C:/Users/YingQ/Desktop/houdini_desertscene_project_v1_1/Houdini files/geo/HE_OUT_Split_and_Scatter..10.bgeo.sc;file/geo;0
[13:34:58.722] PDG_RESULT: 75;-1;C:/Users/YingQ/Desktop/houdini_desertscene_project_v1_1/Houdini files/geo/HE_OUT_Split_and_Scatter..11.bgeo.sc;file/geo;0
[13:34:58.724] PDG_RESULT: 75;-1;C:/Users/YingQ/Desktop/houdini_desertscene_project_v1_1/Houdini files/geo/HE_OUT_Split_and_Scatter..12.bgeo.sc;file/geo;0
[13:34:58.726] PDG_RESULT: 75;-1;C:/Users/YingQ/Desktop/houdini_desertscene_project_v1_1/Houdini files/geo/HE_OUT_Split_and_Scatter..13.bgeo.sc;file/geo;0
[13:34:58.728] PDG_RESULT: 75;-1;C:/Users/YingQ/Desktop/houdini_desertscene_project_v1_1/Houdini files/geo/HE_OUT_Split_and_Scatter..14.bgeo.sc;file/geo;0
[13:34:58.730] PDG_RESULT: 75;-1;C:/Users/YingQ/Desktop/houdini_desertscene_project_v1_1/Houdini files/geo/HE_OUT_Split_and_Scatter..15.bgeo.sc;file/geo;0
