[13:08:00.315] Running Houdini 19.0.531 with PID 1784
[13:08:00.315] HDA: C:/Users/YingQ/3D/Houdini_libs/YingQ-for-Houdini/otls/Desert_split_and_Scatter.1.0.hda
[13:08:00.315] Operator Type: Sop/Desert_split_and_Scatter::1.0
[13:08:02.708] Setting input 0 to C:/Users/YingQ/Desktop/houdini_desertscene_project_v1_1/Houdini files/geo/Desert_Terrain..0.bgeo.sc
[13:08:02.708] Setting parm tilecount to: [4, 4]
[13:08:02.709] Setting parm tilenum to: [14]
[13:08:02.709] Setting parm Seed to: [1.82]
[13:08:02.709] Setting parm scatteralign1_densityscale to: [1.0]
[13:08:02.709] Setting parm attribnoise1_elementsize to: [3.12]
[13:08:02.709] Setting parm scatteralign2_densityscale to: [1.0]
[13:08:02.710] Setting parm scatteralign3_densityscale to: [1.0]
[13:08:02.710] Setting parm heightfield_scatter1_density to: [1.0]
[13:08:02.710] Setting parm attribute_value_replace1_to_0 to: ["StaticMesh'/Game/Megascans/3D_Assets/Icelandic_Jagged_Lava_Outcrop_00/shxxJ_LOD2.shxxJ_LOD2'"]
[13:08:02.710] Setting parm attribute_value_replace1_to_1 to: ["StaticMesh'/Game/Megascans/3D_Assets/Huge_Icelandic_Lava_Cliff_00/siErE_LOD3.siErE_LOD3'"]
[13:08:02.710] Setting parm attribrandomize5_strvalue0 to: ["StaticMesh'/Game/Megascans/3D_Assets/Small_Limestone_Rocks_Pack_00/ufilejqva_LOD5_1.ufilejqva_LOD5_1'"]
[13:08:02.710] Setting parm attribrandomize5_strvalue1 to: ["StaticMesh'/Game/Megascans/3D_Assets/Small_Limestone_Rocks_Pack_00/ufilejqva_LOD5_2.ufilejqva_LOD5_2'"]
[13:08:02.710] Setting parm attribrandomize5_strvalue2 to: ["StaticMesh'/Game/Megascans/3D_Assets/Small_Limestone_Rocks_Pack_00/ufilejqva_LOD5_3.ufilejqva_LOD5_3'"]
[13:08:02.710] Setting parm attribrandomize5_strvalue3 to: ["StaticMesh'/Game/Megascans/3D_Assets/Small_Limestone_Rocks_Pack_00/ufilejqva_LOD5_4.ufilejqva_LOD5_4'"]
[13:08:02.710] Setting parm attribrandomize5_strvalue4 to: ["StaticMesh'/Game/Megascans/3D_Assets/Small_Limestone_Rocks_Pack_00/ufilejqva_LOD5_5.ufilejqva_LOD5_5'"]
[13:08:02.710] Setting parm attribrandomize5_strvalue5 to: ["StaticMesh'/Game/Megascans/3D_Assets/Small_Limestone_Rocks_Pack_00/ufilejqva_LOD5_6.ufilejqva_LOD5_6'"]
[13:08:02.710] Setting parm attribrandomize4_strvalue0 to: ["StaticMesh'/Game/Desert_project/Models/Bush_01.Bush_01'"]
[13:08:02.711] Setting parm attribute_value_replace2_to_0 to: ["Blueprint'/Game/Desert_project/Prefab/Portal_2_scene.Portal_2_scene'"]
[13:08:02.711] Setting parm attribute_value_replace2_to_1 to: ["Blueprint'/Game/Desert_project/Prefab/Portal_3_scene.Portal_3_scene'"]
[13:08:02.711] Setting parm attribute_value_replace2_to_2 to: ["Blueprint'/Game/Desert_project/Prefab/Portal_1_scene.Portal_1_scene'"]
[13:08:08.054] PDG_RESULT: 64;-1;C:/Users/YingQ/Desktop/houdini_desertscene_project_v1_1/Houdini files/geo/HE_OUT_Split_and_Scatter..0.bgeo.sc;file/geo;0
[13:08:08.056] PDG_RESULT: 64;-1;C:/Users/YingQ/Desktop/houdini_desertscene_project_v1_1/Houdini files/geo/HE_OUT_Split_and_Scatter..1.bgeo.sc;file/geo;0
[13:08:08.058] PDG_RESULT: 64;-1;C:/Users/YingQ/Desktop/houdini_desertscene_project_v1_1/Houdini files/geo/HE_OUT_Split_and_Scatter..2bgeo.sc;file/geo;0
[13:08:08.059] PDG_RESULT: 64;-1;C:/Users/YingQ/Desktop/houdini_desertscene_project_v1_1/Houdini files/geo/HE_OUT_Split_and_Scatter..3.bgeo.sc;file/geo;0
[13:08:08.060] PDG_RESULT: 64;-1;C:/Users/YingQ/Desktop/houdini_desertscene_project_v1_1/Houdini files/geo/HE_OUT_Split_and_Scatter..4.bgeo.sc;file/geo;0
[13:08:08.062] PDG_RESULT: 64;-1;C:/Users/YingQ/Desktop/houdini_desertscene_project_v1_1/Houdini files/geo/HE_OUT_Split_and_Scatter..5.bgeo.sc;file/geo;0
[13:08:08.063] PDG_RESULT: 64;-1;C:/Users/YingQ/Desktop/houdini_desertscene_project_v1_1/Houdini files/geo/HE_OUT_Split_and_Scatter..6.bgeo.sc;file/geo;0
[13:08:08.064] PDG_RESULT: 64;-1;C:/Users/YingQ/Desktop/houdini_desertscene_project_v1_1/Houdini files/geo/HE_OUT_Split_and_Scatter..7.bgeo.sc;file/geo;0
[13:08:08.065] PDG_RESULT: 64;-1;C:/Users/YingQ/Desktop/houdini_desertscene_project_v1_1/Houdini files/geo/HE_OUT_Split_and_Scatter..8.bgeo.sc;file/geo;0
[13:08:08.067] PDG_RESULT: 64;-1;C:/Users/YingQ/Desktop/houdini_desertscene_project_v1_1/Houdini files/geo/HE_OUT_Split_and_Scatter..9.bgeo.sc;file/geo;0
[13:08:08.068] PDG_RESULT: 64;-1;C:/Users/YingQ/Desktop/houdini_desertscene_project_v1_1/Houdini files/geo/HE_OUT_Split_and_Scatter..10.bgeo.sc;file/geo;0
[13:08:08.069] PDG_RESULT: 64;-1;C:/Users/YingQ/Desktop/houdini_desertscene_project_v1_1/Houdini files/geo/HE_OUT_Split_and_Scatter..11.bgeo.sc;file/geo;0
[13:08:08.071] PDG_RESULT: 64;-1;C:/Users/YingQ/Desktop/houdini_desertscene_project_v1_1/Houdini files/geo/HE_OUT_Split_and_Scatter..12.bgeo.sc;file/geo;0
[13:08:08.073] PDG_RESULT: 64;-1;C:/Users/YingQ/Desktop/houdini_desertscene_project_v1_1/Houdini files/geo/HE_OUT_Split_and_Scatter..13.bgeo.sc;file/geo;0
[13:08:08.074] PDG_RESULT: 64;-1;C:/Users/YingQ/Desktop/houdini_desertscene_project_v1_1/Houdini files/geo/HE_OUT_Split_and_Scatter..14.bgeo.sc;file/geo;0
[13:08:08.076] PDG_RESULT: 64;-1;C:/Users/YingQ/Desktop/houdini_desertscene_project_v1_1/Houdini files/geo/HE_OUT_Split_and_Scatter..15.bgeo.sc;file/geo;0
