Fri Mar 18 2022 19:42:03 GMT+0800 (香港标准时间) UWP_PERMISSIONS: present
Fri Mar 18 2022 19:42:03 GMT+0800 (香港标准时间) UWP_PERMISSIONS: permissions set
Fri Mar 18 2022 19:42:04 GMT+0800 (香港标准时间) NGL: Loading NGL Library...
Fri Mar 18 2022 19:42:04 GMT+0800 (香港标准时间) NGL: NGLLib Successfully Loaded
Fri Mar 18 2022 19:42:04 GMT+0800 (香港标准时间) Vulcan: Loading Vulcan Message Library...
Fri Mar 18 2022 19:42:04 GMT+0800 (香港标准时间) Vulcan: Vulcan Message Library Successfully Loaded
Fri Mar 18 2022 19:42:04 GMT+0800 (香港标准时间) Service: locale: zh_CN
Fri Mar 18 2022 19:42:04 GMT+0800 (香港标准时间) CC Libraries: Configure: C:/Users/YingQ/AppData/Roaming/Adobe/Creative Cloud Libraries/LIBS
Fri Mar 18 2022 19:42:04 GMT+0800 (香港标准时间) Service: Client OS name: win-10.0.22000
Fri Mar 18 2022 19:42:04 GMT+0800 (香港标准时间) CONFIG: Loading Settings...
Fri Mar 18 2022 19:42:22 GMT+0800 (香港标准时间) CDN Cache: Fetching SHA Cache from CDN: https://cclibraries-defaults-cdn.adobe.com/v1/contents.json
Fri Mar 18 2022 19:42:22 GMT+0800 (香港标准时间) Proxy: [local-5b2e62a3-b690-443e-a57e-861ed400c159] GET https://cclibraries-defaults-cdn.adobe.com/v1/contents.json
Fri Mar 18 2022 19:42:22 GMT+0800 (香港标准时间) Vulcan: -> ADCS *: accc.notifications
Fri Mar 18 2022 19:42:22 GMT+0800 (香港标准时间) Vulcan: -> ADCS *: accc.notifications
Fri Mar 18 2022 19:42:22 GMT+0800 (香港标准时间) SystemFonts: Watching font directory: C:/WINDOWS/Fonts
Fri Mar 18 2022 19:42:22 GMT+0800 (香港标准时间) SystemFonts: Failed to watch font directory (ENOENT): C:/Users/YingQ/AppData/Roaming/Adobe/CoreSync/plugins/livetype/r
Fri Mar 18 2022 19:42:22 GMT+0800 (香港标准时间) Vulcan: -> ADCS *: accc.notifications
Fri Mar 18 2022 19:42:22 GMT+0800 (香港标准时间) API: CCLibraries REST API listening at http://127.0.0.1:5970
Fri Mar 18 2022 19:42:22 GMT+0800 (香港标准时间) NGL: Error fetching NGL Profile: 403
Fri Mar 18 2022 19:42:22 GMT+0800 (香港标准时间) SystemFonts: Loading system fonts
Fri Mar 18 2022 19:42:22 GMT+0800 (香港标准时间) SystemFonts: Requesting fonts from font manager
Fri Mar 18 2022 19:42:22 GMT+0800 (香港标准时间) Proxy: Setting proxy for https://cclibraries-defaults-cdn.adobe.com: 127.0.0.1:7890 without authentication
Fri Mar 18 2022 19:42:22 GMT+0800 (香港标准时间) Vulcan: -> ADCS *: accc.app.ProxySettingsRequest
Fri Mar 18 2022 19:42:22 GMT+0800 (香港标准时间) Vulcan: <- PHXS 23.0.2: cclibraries.api.QueryRequest
Fri Mar 18 2022 19:42:22 GMT+0800 (香港标准时间) API: Client connected: PHXS - 23.0.2
Fri Mar 18 2022 19:42:22 GMT+0800 (香港标准时间) Vulcan: -> PHXS 23.0.2: cclibraries.api.QueryResponse
Fri Mar 18 2022 19:42:22 GMT+0800 (香港标准时间) LocalThumbnails: Starting child process
Fri Mar 18 2022 19:42:22 GMT+0800 (香港标准时间) Vulcan: <- PHXS 23.0.2: cclibraries.api.QueryRequest
Fri Mar 18 2022 19:42:22 GMT+0800 (香港标准时间) API: Client connected: PHXS - 23.0.2
Fri Mar 18 2022 19:42:22 GMT+0800 (香港标准时间) Vulcan: -> PHXS 23.0.2: cclibraries.api.QueryResponse
Fri Mar 18 2022 19:42:22 GMT+0800 (香港标准时间) Vulcan: <- PHXS 23.0.2: cclibraries.api.QueryRequest
Fri Mar 18 2022 19:42:22 GMT+0800 (香港标准时间) API: Client connected: PHXS - 23.0.2
Fri Mar 18 2022 19:42:22 GMT+0800 (香港标准时间) Vulcan: -> PHXS 23.0.2: cclibraries.api.QueryResponse
Fri Mar 18 2022 19:42:22 GMT+0800 (香港标准时间) Vulcan: <- PHXS 23.0.2: cclibraries.api.QueryRequest
Fri Mar 18 2022 19:42:22 GMT+0800 (香港标准时间) API: Client connected: PHXS - 23.0.2
Fri Mar 18 2022 19:42:22 GMT+0800 (香港标准时间) Vulcan: -> PHXS 23.0.2: cclibraries.api.QueryResponse
Fri Mar 18 2022 19:42:22 GMT+0800 (香港标准时间) Vulcan: <- PHXS 23.0.2: cclibraries.api.QueryRequest
Fri Mar 18 2022 19:42:22 GMT+0800 (香港标准时间) API: Client connected: PHXS - 23.0.2
Fri Mar 18 2022 19:42:22 GMT+0800 (香港标准时间) Vulcan: -> PHXS 23.0.2: cclibraries.api.QueryResponse
Fri Mar 18 2022 19:42:22 GMT+0800 (香港标准时间) Vulcan: <- PHXS 23.0.2: cclibraries.api.QueryRequest
Fri Mar 18 2022 19:42:22 GMT+0800 (香港标准时间) API: Client connected: PHXS - 23.0.2
Fri Mar 18 2022 19:42:22 GMT+0800 (香港标准时间) Vulcan: -> PHXS 23.0.2: cclibraries.api.QueryResponse
Fri Mar 18 2022 19:42:22 GMT+0800 (香港标准时间) Vulcan: <- PHXS 23.0.2: cclibraries.api.QueryRequest
Fri Mar 18 2022 19:42:22 GMT+0800 (香港标准时间) API: Client connected: PHXS - 23.0.2
Fri Mar 18 2022 19:42:22 GMT+0800 (香港标准时间) Vulcan: -> PHXS 23.0.2: cclibraries.api.QueryResponse
Fri Mar 18 2022 19:42:22 GMT+0800 (香港标准时间) Vulcan: <- PHXS 23.0.2: cclibraries.api.QueryRequest
Fri Mar 18 2022 19:42:22 GMT+0800 (香港标准时间) API: Client connected: PHXS - 23.0.2
Fri Mar 18 2022 19:42:22 GMT+0800 (香港标准时间) Vulcan: -> PHXS 23.0.2: cclibraries.api.QueryResponse
Fri Mar 18 2022 19:42:22 GMT+0800 (香港标准时间) Vulcan: <- PHXS 23.0.2: cclibraries.api.QueryRequest
Fri Mar 18 2022 19:42:22 GMT+0800 (香港标准时间) API: Client connected: PHXS - 23.0.2
Fri Mar 18 2022 19:42:22 GMT+0800 (香港标准时间) Vulcan: -> PHXS 23.0.2: cclibraries.api.QueryResponse
Fri Mar 18 2022 19:42:22 GMT+0800 (香港标准时间) Vulcan: <- PHXS 23.0.2: cclibraries.api.QueryRequest
Fri Mar 18 2022 19:42:22 GMT+0800 (香港标准时间) API: Client connected: PHXS - 23.0.2
Fri Mar 18 2022 19:42:22 GMT+0800 (香港标准时间) Vulcan: -> PHXS 23.0.2: cclibraries.api.QueryResponse
Fri Mar 18 2022 19:42:22 GMT+0800 (香港标准时间) Vulcan: <- PHXS 23.0.2: cclibraries.api.QueryRequest
Fri Mar 18 2022 19:42:22 GMT+0800 (香港标准时间) API: Client connected: PHXS - 23.0.2
Fri Mar 18 2022 19:42:22 GMT+0800 (香港标准时间) Vulcan: -> PHXS 23.0.2: cclibraries.api.QueryResponse
Fri Mar 18 2022 19:42:22 GMT+0800 (香港标准时间) Vulcan: <- PHXS 23.0.2: cclibraries.api.QueryRequest
Fri Mar 18 2022 19:42:22 GMT+0800 (香港标准时间) API: Client connected: PHXS - 23.0.2
Fri Mar 18 2022 19:42:22 GMT+0800 (香港标准时间) Vulcan: -> PHXS 23.0.2: cclibraries.api.QueryResponse
Fri Mar 18 2022 19:42:22 GMT+0800 (香港标准时间) Vulcan: <- PHXS 23.0.2: cclibraries.api.QueryRequest
Fri Mar 18 2022 19:42:22 GMT+0800 (香港标准时间) API: Client connected: PHXS - 23.0.2
Fri Mar 18 2022 19:42:22 GMT+0800 (香港标准时间) Vulcan: -> PHXS 23.0.2: cclibraries.api.QueryResponse
Fri Mar 18 2022 19:42:22 GMT+0800 (香港标准时间) Vulcan: <- PHXS 23.0.2: cclibraries.api.QueryRequest
Fri Mar 18 2022 19:42:22 GMT+0800 (香港标准时间) API: Client connected: PHXS - 23.0.2
Fri Mar 18 2022 19:42:22 GMT+0800 (香港标准时间) Vulcan: -> PHXS 23.0.2: cclibraries.api.QueryResponse
Fri Mar 18 2022 19:42:22 GMT+0800 (香港标准时间) Vulcan: <- PHXS 23.0.2: cclibraries.api.QueryRequest
Fri Mar 18 2022 19:42:22 GMT+0800 (香港标准时间) API: Client connected: PHXS - 23.0.2
Fri Mar 18 2022 19:42:22 GMT+0800 (香港标准时间) Vulcan: -> PHXS 23.0.2: cclibraries.api.QueryResponse
Fri Mar 18 2022 19:42:22 GMT+0800 (香港标准时间) Vulcan: <- PHXS 23.0.2: cclibraries.api.QueryRequest
Fri Mar 18 2022 19:42:22 GMT+0800 (香港标准时间) API: Client connected: PHXS - 23.0.2
Fri Mar 18 2022 19:42:22 GMT+0800 (香港标准时间) Vulcan: -> PHXS 23.0.2: cclibraries.api.QueryResponse
Fri Mar 18 2022 19:42:22 GMT+0800 (香港标准时间) Vulcan: <- PHXS 23.0.2: cclibraries.api.QueryRequest
Fri Mar 18 2022 19:42:22 GMT+0800 (香港标准时间) API: Client connected: PHXS - 23.0.2
Fri Mar 18 2022 19:42:22 GMT+0800 (香港标准时间) Vulcan: -> PHXS 23.0.2: cclibraries.api.QueryResponse
Fri Mar 18 2022 19:42:22 GMT+0800 (香港标准时间) Vulcan: <- PHXS 23.0.2: cclibraries.api.QueryRequest
Fri Mar 18 2022 19:42:22 GMT+0800 (香港标准时间) API: Client connected: PHXS - 23.0.2
Fri Mar 18 2022 19:42:22 GMT+0800 (香港标准时间) Vulcan: -> PHXS 23.0.2: cclibraries.api.QueryResponse
Fri Mar 18 2022 19:42:22 GMT+0800 (香港标准时间) Vulcan: <- PHXS 23.0.2: cclibraries.api.QueryRequest
Fri Mar 18 2022 19:42:22 GMT+0800 (香港标准时间) API: Client connected: PHXS - 23.0.2
Fri Mar 18 2022 19:42:22 GMT+0800 (香港标准时间) Vulcan: -> PHXS 23.0.2: cclibraries.api.QueryResponse
Fri Mar 18 2022 19:42:22 GMT+0800 (香港标准时间) Vulcan: <- PHXS 23.0.2: cclibraries.api.QueryRequest
Fri Mar 18 2022 19:42:22 GMT+0800 (香港标准时间) API: Client connected: PHXS - 23.0.2
Fri Mar 18 2022 19:42:22 GMT+0800 (香港标准时间) Vulcan: -> PHXS 23.0.2: cclibraries.api.QueryResponse
Fri Mar 18 2022 19:42:22 GMT+0800 (香港标准时间) Vulcan: <- PHXS 23.0.2: cclibraries.api.QueryRequest
Fri Mar 18 2022 19:42:22 GMT+0800 (香港标准时间) API: Client connected: PHXS - 23.0.2
Fri Mar 18 2022 19:42:22 GMT+0800 (香港标准时间) Vulcan: -> PHXS 23.0.2: cclibraries.api.QueryResponse
Fri Mar 18 2022 19:42:22 GMT+0800 (香港标准时间) Vulcan: <- PHXS 23.0.2: cclibraries.api.QueryRequest
Fri Mar 18 2022 19:42:22 GMT+0800 (香港标准时间) API: Client connected: PHXS - 23.0.2
Fri Mar 18 2022 19:42:22 GMT+0800 (香港标准时间) Vulcan: -> PHXS 23.0.2: cclibraries.api.QueryResponse
Fri Mar 18 2022 19:42:22 GMT+0800 (香港标准时间) Vulcan: <- PHXS 23.0.2: cclibraries.api.QueryRequest
Fri Mar 18 2022 19:42:22 GMT+0800 (香港标准时间) API: Client connected: PHXS - 23.0.2
Fri Mar 18 2022 19:42:22 GMT+0800 (香港标准时间) Vulcan: -> PHXS 23.0.2: cclibraries.api.QueryResponse
Fri Mar 18 2022 19:42:22 GMT+0800 (香港标准时间) Vulcan: <- PHXS 23.0.2: cclibraries.api.QueryRequest
Fri Mar 18 2022 19:42:22 GMT+0800 (香港标准时间) API: Client connected: PHXS - 23.0.2
Fri Mar 18 2022 19:42:22 GMT+0800 (香港标准时间) Vulcan: -> PHXS 23.0.2: cclibraries.api.QueryResponse
Fri Mar 18 2022 19:42:22 GMT+0800 (香港标准时间) Vulcan: <- PHXS 23.0.2: cclibraries.api.QueryRequest
Fri Mar 18 2022 19:42:22 GMT+0800 (香港标准时间) API: Client connected: PHXS - 23.0.2
Fri Mar 18 2022 19:42:22 GMT+0800 (香港标准时间) Vulcan: -> PHXS 23.0.2: cclibraries.api.QueryResponse
Fri Mar 18 2022 19:42:22 GMT+0800 (香港标准时间) Vulcan: <- PHXS 23.0.2: cclibraries.api.QueryRequest
Fri Mar 18 2022 19:42:22 GMT+0800 (香港标准时间) API: Client connected: PHXS - 23.0.2
Fri Mar 18 2022 19:42:22 GMT+0800 (香港标准时间) Vulcan: -> PHXS 23.0.2: cclibraries.api.QueryResponse
Fri Mar 18 2022 19:42:22 GMT+0800 (香港标准时间) Vulcan: <- PHXS 23.0.2: cclibraries.api.QueryRequest
Fri Mar 18 2022 19:42:22 GMT+0800 (香港标准时间) API: Client connected: PHXS - 23.0.2
Fri Mar 18 2022 19:42:22 GMT+0800 (香港标准时间) Vulcan: -> PHXS 23.0.2: cclibraries.api.QueryResponse
Fri Mar 18 2022 19:42:22 GMT+0800 (香港标准时间) Vulcan: <- PHXS 23.0.2: cclibraries.api.QueryRequest
Fri Mar 18 2022 19:42:22 GMT+0800 (香港标准时间) API: Client connected: PHXS - 23.0.2
Fri Mar 18 2022 19:42:22 GMT+0800 (香港标准时间) Vulcan: -> PHXS 23.0.2: cclibraries.api.QueryResponse
Fri Mar 18 2022 19:42:22 GMT+0800 (香港标准时间) Vulcan: <- PHXS 23.0.2: cclibraries.api.QueryRequest
Fri Mar 18 2022 19:42:22 GMT+0800 (香港标准时间) API: Client connected: PHXS - 23.0.2
Fri Mar 18 2022 19:42:22 GMT+0800 (香港标准时间) Vulcan: -> PHXS 23.0.2: cclibraries.api.QueryResponse
Fri Mar 18 2022 19:42:22 GMT+0800 (香港标准时间) Vulcan: <- PHXS 23.0.2: cclibraries.api.QueryRequest
Fri Mar 18 2022 19:42:22 GMT+0800 (香港标准时间) API: Client connected: PHXS - 23.0.2
Fri Mar 18 2022 19:42:22 GMT+0800 (香港标准时间) Vulcan: -> PHXS 23.0.2: cclibraries.api.QueryResponse
Fri Mar 18 2022 19:42:22 GMT+0800 (香港标准时间) Vulcan: <- PHXS 23.0.2: cclibraries.api.QueryRequest
Fri Mar 18 2022 19:42:22 GMT+0800 (香港标准时间) API: Client connected: PHXS - 23.0.2
Fri Mar 18 2022 19:42:22 GMT+0800 (香港标准时间) Vulcan: -> PHXS 23.0.2: cclibraries.api.QueryResponse
Fri Mar 18 2022 19:42:22 GMT+0800 (香港标准时间) Vulcan: <- PHXS 23.0.2: cclibraries.api.QueryRequest
Fri Mar 18 2022 19:42:22 GMT+0800 (香港标准时间) API: Client connected: PHXS - 23.0.2
Fri Mar 18 2022 19:42:22 GMT+0800 (香港标准时间) Vulcan: -> PHXS 23.0.2: cclibraries.api.QueryResponse
Fri Mar 18 2022 19:42:22 GMT+0800 (香港标准时间) Vulcan: <- PHXS 23.0.2: cclibraries.api.QueryRequest
Fri Mar 18 2022 19:42:22 GMT+0800 (香港标准时间) API: Client connected: PHXS - 23.0.2
Fri Mar 18 2022 19:42:22 GMT+0800 (香港标准时间) Vulcan: -> PHXS 23.0.2: cclibraries.api.QueryResponse
Fri Mar 18 2022 19:42:22 GMT+0800 (香港标准时间) Vulcan: <- PHXS 23.0.2: cclibraries.api.QueryRequest
Fri Mar 18 2022 19:42:22 GMT+0800 (香港标准时间) API: Client connected: PHXS - 23.0.2
Fri Mar 18 2022 19:42:22 GMT+0800 (香港标准时间) Vulcan: -> PHXS 23.0.2: cclibraries.api.QueryResponse
Fri Mar 18 2022 19:42:22 GMT+0800 (香港标准时间) Vulcan: <- PHXS 23.0.2: cclibraries.api.QueryRequest
Fri Mar 18 2022 19:42:22 GMT+0800 (香港标准时间) API: Client connected: PHXS - 23.0.2
Fri Mar 18 2022 19:42:22 GMT+0800 (香港标准时间) Vulcan: -> PHXS 23.0.2: cclibraries.api.QueryResponse
Fri Mar 18 2022 19:42:22 GMT+0800 (香港标准时间) Vulcan: <- PHXS 23.0.2: cclibraries.api.QueryRequest
Fri Mar 18 2022 19:42:22 GMT+0800 (香港标准时间) API: Client connected: PHXS - 23.0.2
Fri Mar 18 2022 19:42:22 GMT+0800 (香港标准时间) Vulcan: -> PHXS 23.0.2: cclibraries.api.QueryResponse
Fri Mar 18 2022 19:42:22 GMT+0800 (香港标准时间) Vulcan: <- PHXS 23.0.2: cclibraries.api.QueryRequest
Fri Mar 18 2022 19:42:22 GMT+0800 (香港标准时间) API: Client connected: PHXS - 23.0.2
Fri Mar 18 2022 19:42:22 GMT+0800 (香港标准时间) Vulcan: -> PHXS 23.0.2: cclibraries.api.QueryResponse
Fri Mar 18 2022 19:42:22 GMT+0800 (香港标准时间) Vulcan: <- PHXS 23.0.2: cclibraries.api.QueryRequest
Fri Mar 18 2022 19:42:22 GMT+0800 (香港标准时间) API: Client connected: PHXS - 23.0.2
Fri Mar 18 2022 19:42:22 GMT+0800 (香港标准时间) Vulcan: -> PHXS 23.0.2: cclibraries.api.QueryResponse
Fri Mar 18 2022 19:42:22 GMT+0800 (香港标准时间) Vulcan: <- PHXS 23.0.2: cclibraries.api.QueryRequest
Fri Mar 18 2022 19:42:22 GMT+0800 (香港标准时间) API: Client connected: PHXS - 23.0.2
Fri Mar 18 2022 19:42:22 GMT+0800 (香港标准时间) Vulcan: -> PHXS 23.0.2: cclibraries.api.QueryResponse
Fri Mar 18 2022 19:42:22 GMT+0800 (香港标准时间) Vulcan: <- PHXS 23.0.2: cclibraries.api.QueryRequest
Fri Mar 18 2022 19:42:22 GMT+0800 (香港标准时间) API: Client connected: PHXS - 23.0.2
Fri Mar 18 2022 19:42:22 GMT+0800 (香港标准时间) Vulcan: -> PHXS 23.0.2: cclibraries.api.QueryResponse
Fri Mar 18 2022 19:42:22 GMT+0800 (香港标准时间) Vulcan: <- PHXS 23.0.2: cclibraries.api.QueryRequest
Fri Mar 18 2022 19:42:22 GMT+0800 (香港标准时间) API: Client connected: PHXS - 23.0.2
Fri Mar 18 2022 19:42:22 GMT+0800 (香港标准时间) Vulcan: -> PHXS 23.0.2: cclibraries.api.QueryResponse
Fri Mar 18 2022 19:42:22 GMT+0800 (香港标准时间) Vulcan: <- PHXS 23.0.2: cclibraries.api.QueryRequest
Fri Mar 18 2022 19:42:22 GMT+0800 (香港标准时间) API: Client connected: PHXS - 23.0.2
Fri Mar 18 2022 19:42:22 GMT+0800 (香港标准时间) Vulcan: -> PHXS 23.0.2: cclibraries.api.QueryResponse
Fri Mar 18 2022 19:42:22 GMT+0800 (香港标准时间) Vulcan: <- PHXS 23.0.2: cclibraries.api.QueryRequest
Fri Mar 18 2022 19:42:22 GMT+0800 (香港标准时间) API: Client connected: PHXS - 23.0.2
Fri Mar 18 2022 19:42:22 GMT+0800 (香港标准时间) Vulcan: -> PHXS 23.0.2: cclibraries.api.QueryResponse
Fri Mar 18 2022 19:42:22 GMT+0800 (香港标准时间) Vulcan: <- PHXS 23.0.2: cclibraries.api.QueryRequest
Fri Mar 18 2022 19:42:22 GMT+0800 (香港标准时间) API: Client connected: PHXS - 23.0.2
Fri Mar 18 2022 19:42:22 GMT+0800 (香港标准时间) Vulcan: -> PHXS 23.0.2: cclibraries.api.QueryResponse
Fri Mar 18 2022 19:42:22 GMT+0800 (香港标准时间) Vulcan: <- PHXS 23.0.2: cclibraries.api.QueryRequest
Fri Mar 18 2022 19:42:22 GMT+0800 (香港标准时间) API: Client connected: PHXS - 23.0.2
Fri Mar 18 2022 19:42:22 GMT+0800 (香港标准时间) Vulcan: -> PHXS 23.0.2: cclibraries.api.QueryResponse
Fri Mar 18 2022 19:42:22 GMT+0800 (香港标准时间) Vulcan: <- PHXS 23.0.2: cclibraries.api.QueryRequest
Fri Mar 18 2022 19:42:22 GMT+0800 (香港标准时间) API: Client connected: PHXS - 23.0.2
Fri Mar 18 2022 19:42:22 GMT+0800 (香港标准时间) Vulcan: -> PHXS 23.0.2: cclibraries.api.QueryResponse
Fri Mar 18 2022 19:42:22 GMT+0800 (香港标准时间) Vulcan: <- PHXS 23.0.2: cclibraries.api.QueryRequest
Fri Mar 18 2022 19:42:22 GMT+0800 (香港标准时间) API: Client connected: PHXS - 23.0.2
Fri Mar 18 2022 19:42:22 GMT+0800 (香港标准时间) Vulcan: -> PHXS 23.0.2: cclibraries.api.QueryResponse
Fri Mar 18 2022 19:42:22 GMT+0800 (香港标准时间) Vulcan: <- PHXS 23.0.2: cclibraries.api.QueryRequest
Fri Mar 18 2022 19:42:22 GMT+0800 (香港标准时间) API: Client connected: PHXS - 23.0.2
Fri Mar 18 2022 19:42:22 GMT+0800 (香港标准时间) Vulcan: -> PHXS 23.0.2: cclibraries.api.QueryResponse
Fri Mar 18 2022 19:42:22 GMT+0800 (香港标准时间) Vulcan: <- PHXS 23.0.2: cclibraries.api.QueryRequest
Fri Mar 18 2022 19:42:22 GMT+0800 (香港标准时间) API: Client connected: PHXS - 23.0.2
Fri Mar 18 2022 19:42:22 GMT+0800 (香港标准时间) Vulcan: -> PHXS 23.0.2: cclibraries.api.QueryResponse
Fri Mar 18 2022 19:42:22 GMT+0800 (香港标准时间) Vulcan: <- PHXS 23.0.2: cclibraries.api.QueryRequest
Fri Mar 18 2022 19:42:22 GMT+0800 (香港标准时间) API: Client connected: PHXS - 23.0.2
Fri Mar 18 2022 19:42:22 GMT+0800 (香港标准时间) Vulcan: -> PHXS 23.0.2: cclibraries.api.QueryResponse
Fri Mar 18 2022 19:42:22 GMT+0800 (香港标准时间) Vulcan: <- PHXS 23.0.2: cclibraries.api.QueryRequest
Fri Mar 18 2022 19:42:22 GMT+0800 (香港标准时间) API: Client connected: PHXS - 23.0.2
Fri Mar 18 2022 19:42:22 GMT+0800 (香港标准时间) Vulcan: -> PHXS 23.0.2: cclibraries.api.QueryResponse
Fri Mar 18 2022 19:42:22 GMT+0800 (香港标准时间) Vulcan: <- PHXS 23.0.2: cclibraries.api.QueryRequest
Fri Mar 18 2022 19:42:22 GMT+0800 (香港标准时间) API: Client connected: PHXS - 23.0.2
Fri Mar 18 2022 19:42:22 GMT+0800 (香港标准时间) Vulcan: -> PHXS 23.0.2: cclibraries.api.QueryResponse
Fri Mar 18 2022 19:42:22 GMT+0800 (香港标准时间) Vulcan: <- PHXS 23.0.2: cclibraries.api.QueryRequest
Fri Mar 18 2022 19:42:22 GMT+0800 (香港标准时间) API: Client connected: PHXS - 23.0.2
Fri Mar 18 2022 19:42:22 GMT+0800 (香港标准时间) Vulcan: -> PHXS 23.0.2: cclibraries.api.QueryResponse
Fri Mar 18 2022 19:42:22 GMT+0800 (香港标准时间) Vulcan: <- PHXS 23.0.2: cclibraries.api.QueryRequest
Fri Mar 18 2022 19:42:22 GMT+0800 (香港标准时间) API: Client connected: PHXS - 23.0.2
Fri Mar 18 2022 19:42:22 GMT+0800 (香港标准时间) Vulcan: -> PHXS 23.0.2: cclibraries.api.QueryResponse
Fri Mar 18 2022 19:42:22 GMT+0800 (香港标准时间) Vulcan: <- PHXS 23.0.2: cclibraries.api.QueryRequest
Fri Mar 18 2022 19:42:22 GMT+0800 (香港标准时间) API: Client connected: PHXS - 23.0.2
Fri Mar 18 2022 19:42:22 GMT+0800 (香港标准时间) Vulcan: -> PHXS 23.0.2: cclibraries.api.QueryResponse
Fri Mar 18 2022 19:42:22 GMT+0800 (香港标准时间) Vulcan: <- PHXS 23.0.2: cclibraries.api.QueryRequest
Fri Mar 18 2022 19:42:22 GMT+0800 (香港标准时间) API: Client connected: PHXS - 23.0.2
Fri Mar 18 2022 19:42:22 GMT+0800 (香港标准时间) Vulcan: -> PHXS 23.0.2: cclibraries.api.QueryResponse
Fri Mar 18 2022 19:42:22 GMT+0800 (香港标准时间) Vulcan: <- PHXS 23.0.2: cclibraries.api.QueryRequest
Fri Mar 18 2022 19:42:22 GMT+0800 (香港标准时间) API: Client connected: PHXS - 23.0.2
Fri Mar 18 2022 19:42:22 GMT+0800 (香港标准时间) Vulcan: -> PHXS 23.0.2: cclibraries.api.QueryResponse
Fri Mar 18 2022 19:42:22 GMT+0800 (香港标准时间) Vulcan: <- PHXS 23.0.2: cclibraries.api.QueryRequest
Fri Mar 18 2022 19:42:22 GMT+0800 (香港标准时间) API: Client connected: PHXS - 23.0.2
Fri Mar 18 2022 19:42:22 GMT+0800 (香港标准时间) Vulcan: -> PHXS 23.0.2: cclibraries.api.QueryResponse
Fri Mar 18 2022 19:42:22 GMT+0800 (香港标准时间) Vulcan: <- PHXS 23.0.2: cclibraries.api.QueryRequest
Fri Mar 18 2022 19:42:22 GMT+0800 (香港标准时间) API: Client connected: PHXS - 23.0.2
Fri Mar 18 2022 19:42:22 GMT+0800 (香港标准时间) Vulcan: -> PHXS 23.0.2: cclibraries.api.QueryResponse
Fri Mar 18 2022 19:42:22 GMT+0800 (香港标准时间) Vulcan: <- PHXS 23.0.2: cclibraries.api.QueryRequest
Fri Mar 18 2022 19:42:22 GMT+0800 (香港标准时间) API: Client connected: PHXS - 23.0.2
Fri Mar 18 2022 19:42:22 GMT+0800 (香港标准时间) Vulcan: -> PHXS 23.0.2: cclibraries.api.QueryResponse
Fri Mar 18 2022 19:42:22 GMT+0800 (香港标准时间) Vulcan: <- PHXS 23.0.2: cclibraries.api.QueryRequest
Fri Mar 18 2022 19:42:22 GMT+0800 (香港标准时间) API: Client connected: PHXS - 23.0.2
Fri Mar 18 2022 19:42:22 GMT+0800 (香港标准时间) Vulcan: -> PHXS 23.0.2: cclibraries.api.QueryResponse
Fri Mar 18 2022 19:42:22 GMT+0800 (香港标准时间) Vulcan: <- PHXS 23.0.2: cclibraries.api.QueryRequest
Fri Mar 18 2022 19:42:22 GMT+0800 (香港标准时间) API: Client connected: PHXS - 23.0.2
Fri Mar 18 2022 19:42:22 GMT+0800 (香港标准时间) Vulcan: -> PHXS 23.0.2: cclibraries.api.QueryResponse
Fri Mar 18 2022 19:42:22 GMT+0800 (香港标准时间) Vulcan: <- PHXS 23.0.2: cclibraries.api.QueryRequest
Fri Mar 18 2022 19:42:22 GMT+0800 (香港标准时间) API: Client connected: PHXS - 23.0.2
Fri Mar 18 2022 19:42:22 GMT+0800 (香港标准时间) Vulcan: -> PHXS 23.0.2: cclibraries.api.QueryResponse
Fri Mar 18 2022 19:42:22 GMT+0800 (香港标准时间) Vulcan: <- PHXS 23.0.2: cclibraries.api.QueryRequest
Fri Mar 18 2022 19:42:22 GMT+0800 (香港标准时间) API: Client connected: PHXS - 23.0.2
Fri Mar 18 2022 19:42:22 GMT+0800 (香港标准时间) Vulcan: -> PHXS 23.0.2: cclibraries.api.QueryResponse
Fri Mar 18 2022 19:42:22 GMT+0800 (香港标准时间) Vulcan: <- PHXS 23.0.2: cclibraries.api.QueryRequest
Fri Mar 18 2022 19:42:22 GMT+0800 (香港标准时间) API: Client connected: PHXS - 23.0.2
Fri Mar 18 2022 19:42:22 GMT+0800 (香港标准时间) Vulcan: -> PHXS 23.0.2: cclibraries.api.QueryResponse
Fri Mar 18 2022 19:42:22 GMT+0800 (香港标准时间) Vulcan: <- PHXS 23.0.2: cclibraries.api.QueryRequest
Fri Mar 18 2022 19:42:22 GMT+0800 (香港标准时间) API: Client connected: PHXS - 23.0.2
Fri Mar 18 2022 19:42:22 GMT+0800 (香港标准时间) Vulcan: -> PHXS 23.0.2: cclibraries.api.QueryResponse
Fri Mar 18 2022 19:42:22 GMT+0800 (香港标准时间) Vulcan: <- PHXS 23.0.2: cclibraries.api.QueryRequest
Fri Mar 18 2022 19:42:22 GMT+0800 (香港标准时间) API: Client connected: PHXS - 23.0.2
Fri Mar 18 2022 19:42:22 GMT+0800 (香港标准时间) Vulcan: -> PHXS 23.0.2: cclibraries.api.QueryResponse
Fri Mar 18 2022 19:42:22 GMT+0800 (香港标准时间) Vulcan: <- PHXS 23.0.2: cclibraries.api.QueryRequest
Fri Mar 18 2022 19:42:22 GMT+0800 (香港标准时间) API: Client connected: PHXS - 23.0.2
Fri Mar 18 2022 19:42:22 GMT+0800 (香港标准时间) Vulcan: -> PHXS 23.0.2: cclibraries.api.QueryResponse
Fri Mar 18 2022 19:42:22 GMT+0800 (香港标准时间) Vulcan: <- PHXS 23.0.2: cclibraries.api.QueryRequest
Fri Mar 18 2022 19:42:22 GMT+0800 (香港标准时间) API: Client connected: PHXS - 23.0.2
Fri Mar 18 2022 19:42:22 GMT+0800 (香港标准时间) Vulcan: -> PHXS 23.0.2: cclibraries.api.QueryResponse
Fri Mar 18 2022 19:42:22 GMT+0800 (香港标准时间) Vulcan: <- PHXS 23.0.2: cclibraries.api.QueryRequest
Fri Mar 18 2022 19:42:22 GMT+0800 (香港标准时间) API: Client connected: PHXS - 23.0.2
Fri Mar 18 2022 19:42:22 GMT+0800 (香港标准时间) Vulcan: -> PHXS 23.0.2: cclibraries.api.QueryResponse
Fri Mar 18 2022 19:42:22 GMT+0800 (香港标准时间) Vulcan: <- PHXS 23.0.2: cclibraries.api.QueryRequest
Fri Mar 18 2022 19:42:22 GMT+0800 (香港标准时间) API: Client connected: PHXS - 23.0.2
Fri Mar 18 2022 19:42:22 GMT+0800 (香港标准时间) Vulcan: -> PHXS 23.0.2: cclibraries.api.QueryResponse
Fri Mar 18 2022 19:42:22 GMT+0800 (香港标准时间) Vulcan: <- PHXS 23.0.2: cclibraries.api.QueryRequest
Fri Mar 18 2022 19:42:22 GMT+0800 (香港标准时间) API: Client connected: PHXS - 23.0.2
Fri Mar 18 2022 19:42:22 GMT+0800 (香港标准时间) Vulcan: -> PHXS 23.0.2: cclibraries.api.QueryResponse
Fri Mar 18 2022 19:42:22 GMT+0800 (香港标准时间) Vulcan: <- PHXS 23.0.2: cclibraries.api.QueryRequest
Fri Mar 18 2022 19:42:22 GMT+0800 (香港标准时间) API: Client connected: PHXS - 23.0.2
Fri Mar 18 2022 19:42:22 GMT+0800 (香港标准时间) Vulcan: -> PHXS 23.0.2: cclibraries.api.QueryResponse
Fri Mar 18 2022 19:42:22 GMT+0800 (香港标准时间) Vulcan: <- PHXS 23.0.2: cclibraries.api.QueryRequest
Fri Mar 18 2022 19:42:22 GMT+0800 (香港标准时间) API: Client connected: PHXS - 23.0.2
Fri Mar 18 2022 19:42:22 GMT+0800 (香港标准时间) Vulcan: -> PHXS 23.0.2: cclibraries.api.QueryResponse
Fri Mar 18 2022 19:42:22 GMT+0800 (香港标准时间) Vulcan: <- PHXS 23.0.2: cclibraries.api.QueryRequest
Fri Mar 18 2022 19:42:22 GMT+0800 (香港标准时间) API: Client connected: PHXS - 23.0.2
Fri Mar 18 2022 19:42:22 GMT+0800 (香港标准时间) Vulcan: -> PHXS 23.0.2: cclibraries.api.QueryResponse
Fri Mar 18 2022 19:42:22 GMT+0800 (香港标准时间) Vulcan: <- PHXS 23.0.2: cclibraries.api.QueryRequest
Fri Mar 18 2022 19:42:22 GMT+0800 (香港标准时间) API: Client connected: PHXS - 23.0.2
Fri Mar 18 2022 19:42:22 GMT+0800 (香港标准时间) Vulcan: -> PHXS 23.0.2: cclibraries.api.QueryResponse
Fri Mar 18 2022 19:42:22 GMT+0800 (香港标准时间) Vulcan: <- PHXS 23.0.2: cclibraries.api.QueryRequest
Fri Mar 18 2022 19:42:22 GMT+0800 (香港标准时间) API: Client connected: PHXS - 23.0.2
Fri Mar 18 2022 19:42:22 GMT+0800 (香港标准时间) Vulcan: -> PHXS 23.0.2: cclibraries.api.QueryResponse
Fri Mar 18 2022 19:42:22 GMT+0800 (香港标准时间) Vulcan: <- PHXS 23.0.2: cclibraries.api.QueryRequest
Fri Mar 18 2022 19:42:22 GMT+0800 (香港标准时间) API: Client connected: PHXS - 23.0.2
Fri Mar 18 2022 19:42:22 GMT+0800 (香港标准时间) Vulcan: -> PHXS 23.0.2: cclibraries.api.QueryResponse
Fri Mar 18 2022 19:42:22 GMT+0800 (香港标准时间) Vulcan: <- PHXS 23.0.2: cclibraries.api.QueryRequest
Fri Mar 18 2022 19:42:22 GMT+0800 (香港标准时间) API: Client connected: PHXS - 23.0.2
Fri Mar 18 2022 19:42:22 GMT+0800 (香港标准时间) Vulcan: -> PHXS 23.0.2: cclibraries.api.QueryResponse
Fri Mar 18 2022 19:42:22 GMT+0800 (香港标准时间) Vulcan: <- PHXS 23.0.2: cclibraries.api.QueryRequest
Fri Mar 18 2022 19:42:22 GMT+0800 (香港标准时间) API: Client connected: PHXS - 23.0.2
Fri Mar 18 2022 19:42:22 GMT+0800 (香港标准时间) Vulcan: -> PHXS 23.0.2: cclibraries.api.QueryResponse
Fri Mar 18 2022 19:42:22 GMT+0800 (香港标准时间) Vulcan: <- PHXS 23.0.2: cclibraries.api.QueryRequest
Fri Mar 18 2022 19:42:22 GMT+0800 (香港标准时间) API: Client connected: PHXS - 23.0.2
Fri Mar 18 2022 19:42:22 GMT+0800 (香港标准时间) Vulcan: -> PHXS 23.0.2: cclibraries.api.QueryResponse
Fri Mar 18 2022 19:42:22 GMT+0800 (香港标准时间) Vulcan: <- PHXS 23.0.2: cclibraries.api.QueryRequest
Fri Mar 18 2022 19:42:22 GMT+0800 (香港标准时间) API: Client connected: PHXS - 23.0.2
Fri Mar 18 2022 19:42:22 GMT+0800 (香港标准时间) Vulcan: -> PHXS 23.0.2: cclibraries.api.QueryResponse
Fri Mar 18 2022 19:42:22 GMT+0800 (香港标准时间) Vulcan: <- PHXS 23.0.2: cclibraries.api.QueryRequest
Fri Mar 18 2022 19:42:22 GMT+0800 (香港标准时间) API: Client connected: PHXS - 23.0.2
Fri Mar 18 2022 19:42:22 GMT+0800 (香港标准时间) Vulcan: -> PHXS 23.0.2: cclibraries.api.QueryResponse
Fri Mar 18 2022 19:42:22 GMT+0800 (香港标准时间) Vulcan: <- PHXS 23.0.2: cclibraries.api.QueryRequest
Fri Mar 18 2022 19:42:22 GMT+0800 (香港标准时间) API: Client connected: PHXS - 23.0.2
Fri Mar 18 2022 19:42:22 GMT+0800 (香港标准时间) Vulcan: -> PHXS 23.0.2: cclibraries.api.QueryResponse
Fri Mar 18 2022 19:42:22 GMT+0800 (香港标准时间) Vulcan: <- PHXS 23.0.2: cclibraries.api.QueryRequest
Fri Mar 18 2022 19:42:22 GMT+0800 (香港标准时间) API: Client connected: PHXS - 23.0.2
Fri Mar 18 2022 19:42:22 GMT+0800 (香港标准时间) Vulcan: -> PHXS 23.0.2: cclibraries.api.QueryResponse
Fri Mar 18 2022 19:42:22 GMT+0800 (香港标准时间) Vulcan: <- PHXS 23.0.2: cclibraries.api.QueryRequest
Fri Mar 18 2022 19:42:22 GMT+0800 (香港标准时间) API: Client connected: PHXS - 23.0.2
Fri Mar 18 2022 19:42:22 GMT+0800 (香港标准时间) Vulcan: -> PHXS 23.0.2: cclibraries.api.QueryResponse
Fri Mar 18 2022 19:42:22 GMT+0800 (香港标准时间) Vulcan: <- PHXS 23.0.2: cclibraries.api.QueryRequest
Fri Mar 18 2022 19:42:22 GMT+0800 (香港标准时间) API: Client connected: PHXS - 23.0.2
Fri Mar 18 2022 19:42:22 GMT+0800 (香港标准时间) Vulcan: -> PHXS 23.0.2: cclibraries.api.QueryResponse
Fri Mar 18 2022 19:42:22 GMT+0800 (香港标准时间) SystemFonts: Font directory changed: C:/WINDOWS/Fonts
Fri Mar 18 2022 19:42:23 GMT+0800 (香港标准时间) SystemFonts: Font directory changed: C:/WINDOWS/Fonts
Fri Mar 18 2022 19:42:23 GMT+0800 (香港标准时间) SystemFonts: Font directory changed: C:/WINDOWS/Fonts
Fri Mar 18 2022 19:42:23 GMT+0800 (香港标准时间) SystemFonts: Font directory changed: C:/WINDOWS/Fonts
Fri Mar 18 2022 19:42:23 GMT+0800 (香港标准时间) SystemFonts: Font directory changed: C:/WINDOWS/Fonts
Fri Mar 18 2022 19:42:23 GMT+0800 (香港标准时间) SystemFonts: System fonts changed while loading (680ms) - loading again
Fri Mar 18 2022 19:42:24 GMT+0800 (香港标准时间) SystemFonts: Loading system fonts
Fri Mar 18 2022 19:42:24 GMT+0800 (香港标准时间) SystemFonts: Requesting fonts from font manager
Fri Mar 18 2022 19:42:24 GMT+0800 (香港标准时间) SystemFonts: Font directory changed: C:/WINDOWS/Fonts
Fri Mar 18 2022 19:42:24 GMT+0800 (香港标准时间) Proxy: [local-5b2e62a3-b690-443e-a57e-861ed400c159] 200 1926ms
Fri Mar 18 2022 19:42:24 GMT+0800 (香港标准时间) Vulcan: Timed out on accc.app.ProxySettingsResponse
Fri Mar 18 2022 19:42:24 GMT+0800 (香港标准时间) Proxy: Setting proxy username and password
Fri Mar 18 2022 19:42:24 GMT+0800 (香港标准时间) Proxy: Setting proxy for https://cclibraries-defaults-cdn.adobe.com: 127.0.0.1:7890 without authentication
Fri Mar 18 2022 19:42:24 GMT+0800 (香港标准时间) Vulcan: -> BROADCAST: cclibraries.service.ProxySettingsChanged
Fri Mar 18 2022 19:42:24 GMT+0800 (香港标准时间) SystemFonts: Font directory changed: C:/WINDOWS/Fonts
Fri Mar 18 2022 19:42:24 GMT+0800 (香港标准时间) Service: Version: 3.14.19-8 (protocol version = 24) (safe mode = false)
Fri Mar 18 2022 19:42:24 GMT+0800 (香港标准时间) Service: Environment: Production
Fri Mar 18 2022 19:42:24 GMT+0800 (香港标准时间) Service: Root: C:/Users/YingQ/AppData/Roaming/Adobe/Creative Cloud Libraries/LIBS/
Fri Mar 18 2022 19:42:24 GMT+0800 (香港标准时间) Service: Listening on port: 5969
Fri Mar 18 2022 19:42:24 GMT+0800 (香港标准时间) Vulcan: -> BROADCAST: cclibraries.service.Initialized
Fri Mar 18 2022 19:42:24 GMT+0800 (香港标准时间) TLS_SERVER: Identity is already present for b9ea328da94b29443ad83a0e437b4531.adobelocalhost.com
Fri Mar 18 2022 19:42:24 GMT+0800 (香港标准时间) TLS_SERVER: TLSDiscoveryServer is up and running at port: 45623
Fri Mar 18 2022 19:42:24 GMT+0800 (香港标准时间) TLS_SERVER: wssUnderlyingServer is up and running at port: 11231
Fri Mar 18 2022 19:42:25 GMT+0800 (香港标准时间) SystemFonts: System fonts changed while loading (1368ms) - loading again
Fri Mar 18 2022 19:42:25 GMT+0800 (香港标准时间) LocalThumbnails: Testing: Success (3364ms)
Fri Mar 18 2022 19:42:25 GMT+0800 (香港标准时间) LOCAL_THUMBNAIL_GENERATOR: Test Successful
Fri Mar 18 2022 19:42:26 GMT+0800 (香港标准时间) SystemFonts: Loading system fonts
Fri Mar 18 2022 19:42:26 GMT+0800 (香港标准时间) SystemFonts: Requesting fonts from font manager
Fri Mar 18 2022 19:42:27 GMT+0800 (香港标准时间) SystemFonts: Loaded 468 fonts (761ms)
Fri Mar 18 2022 19:42:28 GMT+0800 (香港标准时间) Vulcan: <- PHXS 23.0.2: cclibraries.service.QueryRequest
Fri Mar 18 2022 19:42:28 GMT+0800 (香港标准时间) WebSocketServer: client_0: Client connected: diagnostic
Fri Mar 18 2022 19:42:28 GMT+0800 (香港标准时间) Vulcan: -> PHXS 23.0.2: cclibraries.service.QueryResponse
Fri Mar 18 2022 19:42:28 GMT+0800 (香港标准时间) WebSocketServer: client_0: Client disconnected
Fri Mar 18 2022 19:42:28 GMT+0800 (香港标准时间) WebSocketServer: client_1: Client connected: version=23
Fri Mar 18 2022 19:42:28 GMT+0800 (香港标准时间) WebSocketServer: client_1: SEND environmentinfo
Fri Mar 18 2022 19:42:28 GMT+0800 (香港标准时间) WebSocketServer: client_1: SEND clearcollections
Fri Mar 18 2022 19:42:28 GMT+0800 (香港标准时间) WebSocketServer: client_1: RECEIVE configure
Fri Mar 18 2022 19:42:28 GMT+0800 (香港标准时间) WebSocketServer: Configure: CMDN dialog
Fri Mar 18 2022 19:42:30 GMT+0800 (香港标准时间) LocalThumbnails: Stopping child process
Fri Mar 18 2022 19:42:31 GMT+0800 (香港标准时间) WebSocketServer: client_1: Client disconnected
