Fri Mar 18 2022 19:42:00.740 GMT+0800 (香港标准时间) VulcanWrapper > [DISK] Loading Vulcan Library...
Fri Mar 18 2022 19:42:00.742 GMT+0800 (香港标准时间) VulcanWrapper > [DISK] Vulcan Library Successfully Loaded.
Fri Mar 18 2022 19:42:00.995 GMT+0800 (香港标准时间) Main > [DISK] -------------------------Startup------------------------------
Fri Mar 18 2022 19:42:00.995 GMT+0800 (香港标准时间) Main > [DISK] Build version is 4.6.4-2, Environment: Production
Fri Mar 18 2022 19:42:01.39 GMT+0800 (香港标准时间) Main > [DISK] Successfully updated admin settings: {"TempStockDownloadLimit":null,"TempCCDContentDownloadDisabled":null,"TempSenseiModelContentDownloadDisabled":null,"TempNetworkStatusDisabled":null}
Fri Mar 18 2022 19:42:01.42 GMT+0800 (香港标准时间) Main > [INFO] init
Fri Mar 18 2022 19:42:01.66 GMT+0800 (香港标准时间) FirstMileLookupMap > [DISK] Failed to load lookup file from disk: map.json - Error: ENOENT: no such file or directory, open '<redacted>map.json'
Fri Mar 18 2022 19:42:01.66 GMT+0800 (香港标准时间) FirstMileLookupMap > [DISK] Empty lookup file: map.json
Fri Mar 18 2022 19:42:01.68 GMT+0800 (香港标准时间) StockLookupMap > [DISK] Failed to load lookup file from disk: map.json - Error: ENOENT: no such file or directory, open '<redacted>map.json'
Fri Mar 18 2022 19:42:01.68 GMT+0800 (香港标准时间) StockLookupMap > [DISK] Empty lookup file: map.json
Fri Mar 18 2022 19:42:01.69 GMT+0800 (香港标准时间) LearnLookupMap > [DISK] Failed to load lookup file from disk: map.json - Error: ENOENT: no such file or directory, open '<redacted>map.json'
Fri Mar 18 2022 19:42:01.69 GMT+0800 (香港标准时间) LearnLookupMap > [DISK] Empty lookup file: map.json
Fri Mar 18 2022 19:42:01.69 GMT+0800 (香港标准时间) CCDLookupMap > [DISK] Failed to load lookup file from disk: map.json - Error: ENOENT: no such file or directory, open '<redacted>map.json'
Fri Mar 18 2022 19:42:01.69 GMT+0800 (香港标准时间) CCDLookupMap > [DISK] Empty lookup file: map.json
Fri Mar 18 2022 19:42:01.70 GMT+0800 (香港标准时间) SenseiModelsLookupMap > [DISK] Failed to load lookup file from disk: map.json - Error: ENOENT: no such file or directory, open '<redacted>map.json'
Fri Mar 18 2022 19:42:01.70 GMT+0800 (香港标准时间) SenseiModelsLookupMap > [DISK] Empty lookup file: map.json
Fri Mar 18 2022 19:42:01.70 GMT+0800 (香港标准时间) XDLookupMap > [DISK] Failed to load lookup file from disk: map.json - Error: ENOENT: no such file or directory, open '<redacted>map.json'
Fri Mar 18 2022 19:42:01.70 GMT+0800 (香港标准时间) XDLookupMap > [DISK] Empty lookup file: map.json
Fri Mar 18 2022 19:42:01.70 GMT+0800 (香港标准时间) DiscoverPanelLookupMap > [DISK] Failed to load lookup file from disk: map.json - Error: ENOENT: no such file or directory, open '<redacted>map.json'
Fri Mar 18 2022 19:42:01.70 GMT+0800 (香港标准时间) DiscoverPanelLookupMap > [DISK] Empty lookup file: map.json
Fri Mar 18 2022 19:42:01.71 GMT+0800 (香港标准时间) AvatarLookupMap > [DISK] Failed to load lookup file from disk: map.json - Error: ENOENT: no such file or directory, open '<redacted>map.json'
Fri Mar 18 2022 19:42:01.71 GMT+0800 (香港标准时间) AvatarLookupMap > [DISK] Empty lookup file: map.json
Fri Mar 18 2022 19:42:22.879 GMT+0800 (香港标准时间) VulcanWrapper > [DISK] -> ADCS *: accc.app.ProxySettingsRequest 
 <?xml version="1.0" encoding="utf-8"?><request><type>accc.app.ProxySettingsRequest</type><request_id>3a80fd7a-354f-4137-8f35-7e03bd7ab1ca</request_id></request>
Fri Mar 18 2022 19:42:22.881 GMT+0800 (香港标准时间) IMS > [INFO] Ignoring 403 from NGL Library
Fri Mar 18 2022 19:42:22.882 GMT+0800 (香港标准时间) VulcanWrapper > [DISK] -> BROADCAST: ccxprocess.Initialized
Fri Mar 18 2022 19:42:22.905 GMT+0800 (香港标准时间) Main > [INFO] start
Fri Mar 18 2022 19:42:22.919 GMT+0800 (香港标准时间) VulcanWrapper > [DISK] -> ADCS *: accc.notifications 
 <?xml version="1.0" encoding="utf-8"?><NEMessage action="RegisterObserver"><type>com.adobe.psdk.v1</type><sub-type>operational.profile.updated</sub-type><observer-namespace>ccxprocess.notification.psdk</observer-namespace></NEMessage>
Fri Mar 18 2022 19:42:22.920 GMT+0800 (香港标准时间) VulcanWrapper > [DISK] -> ADCS *: accc.notifications 
 <?xml version="1.0" encoding="utf-8"?><NEMessage action="RegisterObserver"><type>com.adobe.stock</type><sub-type>templates.update</sub-type><observer-namespace>ccxprocess.notification.stock</observer-namespace></NEMessage>
Fri Mar 18 2022 19:42:22.924 GMT+0800 (香港标准时间) VulcanWrapper > [DISK] -> ADCS *: accc.notifications 
 <?xml version="1.0" encoding="utf-8"?><NEMessage action="RegisterObserver"><type>com.adobe.accc.generic.v1</type><sub-type>esdk.force.refresh</sub-type><observer-namespace>ccxprocess.notification.force-refresh</observer-namespace></NEMessage>
Fri Mar 18 2022 19:42:22.927 GMT+0800 (香港标准时间) VulcanWrapper > [DISK] -> ADCS *: accc.notifications 
 <?xml version="1.0" encoding="utf-8"?><NEMessage action="RegisterObserver"><type>com.adobe.dunamis</type><sub-type>profile.state.change</sub-type><observer-namespace>ccxprocess.notification.force-refresh</observer-namespace></NEMessage>
Fri Mar 18 2022 19:42:22.931 GMT+0800 (香港标准时间) VulcanWrapper > [DISK] -> ADCS *: accc.app.UserContextDataRequest 
 <?xml version= "1.0" encoding= "utf-8"?><request><request-id>90d8fd2b-246e-4bf9-99a3-59b8487fa5e9</request-id></request>
Fri Mar 18 2022 19:42:24.885 GMT+0800 (香港标准时间) CCNotifications > [DISK] GetProxySettings - Error: timed out getting proxy settings
Fri Mar 18 2022 19:42:24.948 GMT+0800 (香港标准时间) CCNotifications > [DISK] GetUserAnalyticsFlag - Error: timed out getting user analytics enabled flag
Fri Mar 18 2022 19:42:27.45 GMT+0800 (香港标准时间) VulcanWrapper > [DISK] <- PHXS 23.0.2: ccxprocess.DiscoverPanelRequest 
 {"version":1,"requestId":"e05c9d8d-1efd-4508-9396-ef8cecb33c72","params":{"productCode":"PHXS","productVersion":"23.0.2","productLanguage":"en_US"},"urgent":true}
Fri Mar 18 2022 19:42:27.47 GMT+0800 (香港标准时间) ServiceInterface > [INFO] Request Received  for product PHXS[23.0.2]
Fri Mar 18 2022 19:42:27.51 GMT+0800 (香港标准时间) ServiceInterface > [INFO] r [Error]: User Signed Out
    at  main.js:19:346209
    at tryCatch ( runtime.js:63:40)
    at Generator.invoke [as _invoke] ( runtime.js:293:22)
    at Generator.next ( runtime.js:118:21)
    at asyncGeneratorStep ( asyncToGenerator.js:3:24)
    at _next ( asyncToGenerator.js:25:9)
    at  asyncToGenerator.js:32:7
    at new Promise (<anonymous>)
    at  asyncToGenerator.js:21:12
    at e.<anonymous> ( main.js:19:74693)
    at tryCatch ( runtime.js:63:40)
    at Generator.invoke [as _invoke] ( runtime.js:293:22)
    at Generator.next ( runtime.js:118:21)
    at asyncGeneratorStep ( asyncToGenerator.js:3:24)
    at _next ( asyncToGenerator.js:25:9)
    at  asyncToGenerator.js:32:7
    at new Promise (<anonymous>)
    at e.<anonymous> ( asyncToGenerator.js:21:12)
    at e.<anonymous> ( main.js:19:75297)
    at  main.js:19:346017
    at tryCatch ( runtime.js:63:40)
    at Generator.invoke [as _invoke] ( runtime.js:293:22)
    at Generator.next ( runtime.js:118:21)
    at asyncGeneratorStep ( asyncToGenerator.js:3:24)
    at _next ( asyncToGenerator.js:25:9)
    at  asyncToGenerator.js:32:7
    at new Promise (<anonymous>)
    at  asyncToGenerator.js:21:12
    at  main.js:19:348485
    at n.<anonymous> ( main.js:19:348591)
    at n.emit (node:events:365:28)
    at  main.js:19:58003 {
  underlyingError: 'User Signed Out',
  error_code: 'USER_SIGNED_OUT',
  silent: false,
  context: '',
  headers: undefined,
  payload: {},
  subErrorList: [],
  supportData: undefined
}  for product PHXS[23.0.2]
Fri Mar 18 2022 19:42:27.53 GMT+0800 (香港标准时间) VulcanWrapper > [DISK] -> PHXS 23.0.2: ccxprocess.DiscoverPanelResponse 
 {"requestId":"e05c9d8d-1efd-4508-9396-ef8cecb33c72","err":{"desc":"","message":"User Signed Out","code":"USER_SIGNED_OUT"}}
Fri Mar 18 2022 19:42:27.175 GMT+0800 (香港标准时间) VulcanWrapper > [DISK] <- PHXS 23.0.2: ccxprocess.SenseiModelsRequest 
 {"params":{"surfaceId":["sensei_model"],"productCode":"PHXS","productVersion":"23.0.2","platform":"win"},"requestId":"c886e7a0-d965-43b5-b85c-2269f49da826","version":1}
Fri Mar 18 2022 19:42:27.175 GMT+0800 (香港标准时间) ServiceInterface > [INFO] Request Received  for product PHXS[23.0.2]
Fri Mar 18 2022 19:42:27.176 GMT+0800 (香港标准时间) ServiceInterface > [INFO] r [Error]: User Signed Out
    at  main.js:19:346209
    at tryCatch ( runtime.js:63:40)
    at Generator.invoke [as _invoke] ( runtime.js:293:22)
    at Generator.next ( runtime.js:118:21)
    at asyncGeneratorStep ( asyncToGenerator.js:3:24)
    at _next ( asyncToGenerator.js:25:9)
    at  asyncToGenerator.js:32:7
    at new Promise (<anonymous>)
    at  asyncToGenerator.js:21:12
    at e.<anonymous> ( main.js:19:74693)
    at tryCatch ( runtime.js:63:40)
    at Generator.invoke [as _invoke] ( runtime.js:293:22)
    at Generator.next ( runtime.js:118:21)
    at asyncGeneratorStep ( asyncToGenerator.js:3:24)
    at _next ( asyncToGenerator.js:25:9)
    at  asyncToGenerator.js:32:7
    at new Promise (<anonymous>)
    at e.<anonymous> ( asyncToGenerator.js:21:12)
    at e.<anonymous> ( main.js:19:75297)
    at  main.js:19:346017
    at tryCatch ( runtime.js:63:40)
    at Generator.invoke [as _invoke] ( runtime.js:293:22)
    at Generator.next ( runtime.js:118:21)
    at asyncGeneratorStep ( asyncToGenerator.js:3:24)
    at _next ( asyncToGenerator.js:25:9)
    at  asyncToGenerator.js:32:7
    at new Promise (<anonymous>)
    at  asyncToGenerator.js:21:12
    at  main.js:19:348485
    at n.<anonymous> ( main.js:19:348591)
    at n.emit (node:events:365:28)
    at  main.js:19:58003 {
  underlyingError: 'User Signed Out',
  error_code: 'USER_SIGNED_OUT',
  silent: false,
  context: '',
  headers: undefined,
  payload: {},
  subErrorList: [],
  supportData: undefined
}  for product PHXS[23.0.2]
Fri Mar 18 2022 19:42:27.177 GMT+0800 (香港标准时间) VulcanWrapper > [DISK] -> PHXS 23.0.2: ccxprocess.SenseiModelsResponse 
 {"requestId":"c886e7a0-d965-43b5-b85c-2269f49da826","err":{"desc":"","message":"User Signed Out","code":"USER_SIGNED_OUT"}}
Fri Mar 18 2022 19:42:27.245 GMT+0800 (香港标准时间) VulcanWrapper > [DISK] <- PHXS 23.0.2: ccxprocess.TutorialRequest 
 {"params":{"productLanguage":"en_US","productVersion":"23.0.2","productCode":"PHXS"},"requestId":"7c5ac0a0-a6b0-11ec-b227-2f580d727179","version":1,"analytics":{"env.fw.name":"UP cmInAppLearn","env.fw.version":"1.11.0-33"}}
Fri Mar 18 2022 19:42:27.245 GMT+0800 (香港标准时间) ServiceInterface > [INFO] Request Received  for product PHXS[23.0.2]
Fri Mar 18 2022 19:42:27.246 GMT+0800 (香港标准时间) ServiceInterface > [INFO] r [Error]: User Signed Out
    at  main.js:19:346209
    at tryCatch ( runtime.js:63:40)
    at Generator.invoke [as _invoke] ( runtime.js:293:22)
    at Generator.next ( runtime.js:118:21)
    at asyncGeneratorStep ( asyncToGenerator.js:3:24)
    at _next ( asyncToGenerator.js:25:9)
    at  asyncToGenerator.js:32:7
    at new Promise (<anonymous>)
    at  asyncToGenerator.js:21:12
    at e.<anonymous> ( main.js:19:74693)
    at tryCatch ( runtime.js:63:40)
    at Generator.invoke [as _invoke] ( runtime.js:293:22)
    at Generator.next ( runtime.js:118:21)
    at asyncGeneratorStep ( asyncToGenerator.js:3:24)
    at _next ( asyncToGenerator.js:25:9)
    at  asyncToGenerator.js:32:7
    at new Promise (<anonymous>)
    at e.<anonymous> ( asyncToGenerator.js:21:12)
    at e.<anonymous> ( main.js:19:75297)
    at  main.js:19:346017
    at tryCatch ( runtime.js:63:40)
    at Generator.invoke [as _invoke] ( runtime.js:293:22)
    at Generator.next ( runtime.js:118:21)
    at asyncGeneratorStep ( asyncToGenerator.js:3:24)
    at _next ( asyncToGenerator.js:25:9)
    at  asyncToGenerator.js:32:7
    at new Promise (<anonymous>)
    at  asyncToGenerator.js:21:12
    at  main.js:19:348485
    at n.<anonymous> ( main.js:19:348591)
    at n.emit (node:events:365:28)
    at  main.js:19:58003 {
  underlyingError: 'User Signed Out',
  error_code: 'USER_SIGNED_OUT',
  silent: false,
  context: '',
  headers: undefined,
  payload: {},
  subErrorList: [],
  supportData: undefined
}  for product PHXS[23.0.2]
Fri Mar 18 2022 19:42:27.247 GMT+0800 (香港标准时间) VulcanWrapper > [DISK] -> PHXS 23.0.2: ccxprocess.TutorialResponse 
 {"requestId":"7c5ac0a0-a6b0-11ec-b227-2f580d727179","err":{"desc":"","message":"User Signed Out","code":"USER_SIGNED_OUT"}}
Fri Mar 18 2022 19:42:27.633 GMT+0800 (香港标准时间) VulcanWrapper > [DISK] <- PHXS 23.0.2: ccxprocess.SenseiModelsRequest 
 {"params":{"surfaceId":["sensei_model"],"productCode":"PHXS","productVersion":"23.0.2","platform":"win"},"requestId":"18774a33-b21d-4800-9ea4-a1561fe989ce","version":1}
Fri Mar 18 2022 19:42:27.633 GMT+0800 (香港标准时间) ServiceInterface > [INFO] Request Received  for product PHXS[23.0.2]
Fri Mar 18 2022 19:42:27.634 GMT+0800 (香港标准时间) ServiceInterface > [INFO] r [Error]: User Signed Out
    at  main.js:19:346209
    at tryCatch ( runtime.js:63:40)
    at Generator.invoke [as _invoke] ( runtime.js:293:22)
    at Generator.next ( runtime.js:118:21)
    at asyncGeneratorStep ( asyncToGenerator.js:3:24)
    at _next ( asyncToGenerator.js:25:9)
    at  asyncToGenerator.js:32:7
    at new Promise (<anonymous>)
    at  asyncToGenerator.js:21:12
    at e.<anonymous> ( main.js:19:74693)
    at tryCatch ( runtime.js:63:40)
    at Generator.invoke [as _invoke] ( runtime.js:293:22)
    at Generator.next ( runtime.js:118:21)
    at asyncGeneratorStep ( asyncToGenerator.js:3:24)
    at _next ( asyncToGenerator.js:25:9)
    at  asyncToGenerator.js:32:7
    at new Promise (<anonymous>)
    at e.<anonymous> ( asyncToGenerator.js:21:12)
    at e.<anonymous> ( main.js:19:75297)
    at  main.js:19:346017
    at tryCatch ( runtime.js:63:40)
    at Generator.invoke [as _invoke] ( runtime.js:293:22)
    at Generator.next ( runtime.js:118:21)
    at asyncGeneratorStep ( asyncToGenerator.js:3:24)
    at _next ( asyncToGenerator.js:25:9)
    at  asyncToGenerator.js:32:7
    at new Promise (<anonymous>)
    at  asyncToGenerator.js:21:12
    at  main.js:19:348485
    at n.<anonymous> ( main.js:19:348591)
    at n.emit (node:events:365:28)
    at  main.js:19:58003 {
  underlyingError: 'User Signed Out',
  error_code: 'USER_SIGNED_OUT',
  silent: false,
  context: '',
  headers: undefined,
  payload: {},
  subErrorList: [],
  supportData: undefined
}  for product PHXS[23.0.2]
Fri Mar 18 2022 19:42:27.635 GMT+0800 (香港标准时间) VulcanWrapper > [DISK] -> PHXS 23.0.2: ccxprocess.SenseiModelsResponse 
 {"requestId":"18774a33-b21d-4800-9ea4-a1561fe989ce","err":{"desc":"","message":"User Signed Out","code":"USER_SIGNED_OUT"}}
Fri Mar 18 2022 19:42:28.346 GMT+0800 (香港标准时间) VulcanWrapper > [DISK] <- PHXS 23.0.2: ccxprocess.StockTemplateRequest 
 {"stockParams":{"productCode":"PHXS","productVersion":"23.0.2","productLanguage":"en_US","countryCode":"US","subscriptionStatus":"paid"},"requestId":"edf5d411b1f44f0a8cd8e2785eff94f7","userTrackingEnabled":false}
Fri Mar 18 2022 19:42:28.346 GMT+0800 (香港标准时间) ServiceInterface > [INFO] Request Received  for product PHXS[23.0.2]
Fri Mar 18 2022 19:42:28.347 GMT+0800 (香港标准时间) ServiceInterface > [INFO] Error: User Signed Out
    at  main.js:19:341133
    at tryCatch ( runtime.js:63:40)
    at Generator.invoke [as _invoke] ( runtime.js:293:22)
    at Generator.next ( runtime.js:118:21)
    at asyncGeneratorStep ( asyncToGenerator.js:3:24)
    at _next ( asyncToGenerator.js:25:9)
    at  asyncToGenerator.js:32:7
    at new Promise (<anonymous>)
    at  asyncToGenerator.js:21:12
    at e.<anonymous> ( main.js:19:74693)
    at tryCatch ( runtime.js:63:40)
    at Generator.invoke [as _invoke] ( runtime.js:293:22)
    at Generator.next ( runtime.js:118:21)
    at asyncGeneratorStep ( asyncToGenerator.js:3:24)
    at _next ( asyncToGenerator.js:25:9)
    at  asyncToGenerator.js:32:7
    at new Promise (<anonymous>)
    at e.<anonymous> ( asyncToGenerator.js:21:12)
    at e.<anonymous> ( main.js:19:75297)
    at  main.js:19:340943
    at tryCatch ( runtime.js:63:40)
    at Generator.invoke [as _invoke] ( runtime.js:293:22)
    at Generator.next ( runtime.js:118:21)
    at asyncGeneratorStep ( asyncToGenerator.js:3:24)
    at _next ( asyncToGenerator.js:25:9)
    at  asyncToGenerator.js:32:7
    at new Promise (<anonymous>)
    at n.<anonymous> ( asyncToGenerator.js:21:12)
    at n.<anonymous> ( main.js:19:341793)
    at n.emit (node:events:365:28)
    at  main.js:19:58003  for product PHXS[23.0.2]
Fri Mar 18 2022 19:42:28.348 GMT+0800 (香港标准时间) VulcanWrapper > [DISK] -> PHXS 23.0.2: ccxprocess.StockTemplateResponse 
 {"requestId":"edf5d411b1f44f0a8cd8e2785eff94f7","err":{}}
