[19:14:43.869] Running Houdini 19.0.531 with PID 32188
[19:14:43.870] Loading .hip file C:/Users/YingQ/Desktop/wfc_project_files_Paul_Unity/WFC_Engine.hip.
Unknown command: viewmaskoverlay
Unknown command: viewmaskoverlay
Unknown command: viewmaskoverlay
Unknown command: viewmaskoverlay
[19:14:47.508] ROP node path '/obj/topnet1/ropmantra1/ropnet1/mantra1'
[19:14:47.509] ROP type name: 'ifd'
[19:14:47.509] ROP source path: 'oplib:/Driver/ifd?Driver/ifd'
[19:14:47.509] ROP library path: 'C:/PROGRA~1/SIDEEF~1/Houdini 19.0.531/houdini/otls/OPlibDriver.hda'
[19:14:47.512] Checking for custom output parms '['vm_picture']' on node '/obj/topnet1/ropmantra1/ropnet1/mantra1'
[19:14:47.513] Cooking node using 'hou.Rop.render'
ALF_PROGRESS 0%
ALF_PROGRESS 1%
ALF_PROGRESS 2%
ALF_PROGRESS 3%
ALF_PROGRESS 4%
ALF_PROGRESS 5%
ALF_PROGRESS 6%
ALF_PROGRESS 7%
ALF_PROGRESS 8%
ALF_PROGRESS 9%
ALF_PROGRESS 10%
ALF_PROGRESS 11%
ALF_PROGRESS 12%
ALF_PROGRESS 13%
ALF_PROGRESS 14%
ALF_PROGRESS 15%
ALF_PROGRESS 16%
ALF_PROGRESS 17%
ALF_PROGRESS 18%
ALF_PROGRESS 19%
ALF_PROGRESS 20%
ALF_PROGRESS 21%

*** Terminated by PDG scheduler
