[19:12:07.846] Running Houdini 19.0.531 with PID 3568
[19:12:07.846] Loading .hip file C:/Users/YingQ/Desktop/wfc_project_files_Paul_Unity/WFC_Engine.hip.
Unknown command: viewmaskoverlay
Unknown command: viewmaskoverlay
Unknown command: viewmaskoverlay
Unknown command: viewmaskoverlay
[19:12:11.984] ROP node path '/obj/topnet1/ropmantra1/ropnet1/mantra1'
[19:12:11.984] ROP type name: 'ifd'
[19:12:11.984] ROP source path: 'oplib:/Driver/ifd?Driver/ifd'
[19:12:11.984] ROP library path: 'C:/PROGRA~1/SIDEEF~1/Houdini 19.0.531/houdini/otls/OPlibDriver.hda'
[19:12:11.985] Checking for custom output parms '['vm_picture']' on node '/obj/topnet1/ropmantra1/ropnet1/mantra1'
[19:12:11.985] Cooking node using 'hou.Rop.render'
ALF_PROGRESS 0%
ALF_PROGRESS 1%
ALF_PROGRESS 2%
ALF_PROGRESS 3%
ALF_PROGRESS 4%
ALF_PROGRESS 5%
ALF_PROGRESS 6%
ALF_PROGRESS 7%
ALF_PROGRESS 8%
ALF_PROGRESS 9%
ALF_PROGRESS 10%
ALF_PROGRESS 11%
ALF_PROGRESS 12%
ALF_PROGRESS 13%
ALF_PROGRESS 14%
ALF_PROGRESS 15%
ALF_PROGRESS 16%
ALF_PROGRESS 17%
ALF_PROGRESS 18%
ALF_PROGRESS 19%
ALF_PROGRESS 20%
ALF_PROGRESS 21%
ALF_PROGRESS 22%
ALF_PROGRESS 23%
ALF_PROGRESS 24%
ALF_PROGRESS 25%
ALF_PROGRESS 26%
ALF_PROGRESS 27%
ALF_PROGRESS 28%
ALF_PROGRESS 29%
ALF_PROGRESS 30%
ALF_PROGRESS 31%
ALF_PROGRESS 32%
ALF_PROGRESS 33%
ALF_PROGRESS 34%
ALF_PROGRESS 35%
ALF_PROGRESS 36%
ALF_PROGRESS 37%
ALF_PROGRESS 38%
ALF_PROGRESS 39%
ALF_PROGRESS 40%
ALF_PROGRESS 41%
ALF_PROGRESS 42%
ALF_PROGRESS 43%
ALF_PROGRESS 44%
ALF_PROGRESS 45%
ALF_PROGRESS 46%
ALF_PROGRESS 47%
ALF_PROGRESS 48%
ALF_PROGRESS 49%
ALF_PROGRESS 50%
ALF_PROGRESS 51%
ALF_PROGRESS 52%
ALF_PROGRESS 53%
ALF_PROGRESS 54%
ALF_PROGRESS 55%
ALF_PROGRESS 56%
ALF_PROGRESS 57%
ALF_PROGRESS 58%
ALF_PROGRESS 59%
ALF_PROGRESS 60%
ALF_PROGRESS 61%
ALF_PROGRESS 62%
ALF_PROGRESS 63%
ALF_PROGRESS 64%
ALF_PROGRESS 65%
ALF_PROGRESS 66%
ALF_PROGRESS 67%
ALF_PROGRESS 68%
ALF_PROGRESS 69%
ALF_PROGRESS 70%
ALF_PROGRESS 71%
ALF_PROGRESS 72%
ALF_PROGRESS 73%
ALF_PROGRESS 74%
ALF_PROGRESS 75%
ALF_PROGRESS 76%
ALF_PROGRESS 77%
ALF_PROGRESS 78%
ALF_PROGRESS 79%
ALF_PROGRESS 80%
ALF_PROGRESS 81%
ALF_PROGRESS 82%
ALF_PROGRESS 83%
ALF_PROGRESS 84%
ALF_PROGRESS 85%
ALF_PROGRESS 86%
ALF_PROGRESS 87%
ALF_PROGRESS 88%
ALF_PROGRESS 89%
ALF_PROGRESS 90%
ALF_PROGRESS 91%
ALF_PROGRESS 92%
ALF_PROGRESS 93%
ALF_PROGRESS 94%
ALF_PROGRESS 95%
ALF_PROGRESS 96%
ALF_PROGRESS 97%
ALF_PROGRESS 98%
ALF_PROGRESS 99%
ALF_PROGRESS 100%
[19:13:49.781] PDG_RESULT: 1175;-1;__PDG_DIR__/TOPOUTPUT/Level_Seed-8573334_Content-741.jpg;file/image;0
